<?xml version="1.0" encoding="UTF-8"?>
<!-- Generated by org.testng.reporters.JUnitReportReporter -->
<testsuite hostname="DESKTOP-MOEREO5" failures="0" tests="1" name="testpack.testclass" time="0.012" errors="0" timestamp="2022-02-17T12:11:00 IST" skipped="0">
  <testcase classname="testpack.testclass" name="gg" time="0.012"/>
  <system-out/>
</testsuite> <!-- testpack.testclass -->
